[INFO] 2025-07-13 12:05:37 GameServer: ------------------------------------------------=[ Database ]
[INFO] 2025-07-13 12:05:37 GameServer: -----------------------------------=[ Network Configuration ]
[INFO] 2025-07-13 12:05:37 IPConfigData: Using automatic network configuration.
[INFO] 2025-07-13 12:05:37 IPConfigData: Adding new subnet: 127.0.0.0/8 address: 127.0.0.1
[INFO] 2025-07-13 12:05:37 IPConfigData: Adding new subnet: 10.0.0.0/24 address: 10.0.0.38
[INFO] 2025-07-13 12:05:37 IPConfigData: Adding new subnet: 0.0.0.0/0 address: 46.200.183.220
[INFO] 2025-07-13 12:05:43 HikariDataSource: HikariPool-1 - Starting...
[INFO] 2025-07-13 12:05:46 HikariPool: HikariPool-1 - Added connection org.mariadb.jdbc.Connection@781e7326
[INFO] 2025-07-13 12:05:46 HikariDataSource: HikariPool-1 - Start completed.
[INFO] 2025-07-13 12:05:46 IdFactory: Updated characters online status.
[INFO] 2025-07-13 12:05:46 IdFactory: Cleaned 0 elements from database in 0s.
[INFO] 2025-07-13 12:05:47 IdFactory: Cleaned 0 expired timestamps from database.
[INFO] 2025-07-13 12:05:47 BitSetIDFactory: 102912 Ids available.
[INFO] 2025-07-13 12:05:47 GameServer: ---------------------------------------------------=[ World ]
[INFO] 2025-07-13 12:05:47 InstanceManager: Multiverse Instance created.
[INFO] 2025-07-13 12:05:47 InstanceManager: Universe Instance created.
[INFO] 2025-07-13 12:05:48 InstanceManager: Loaded 160 instance names.
[WARN] 2025-07-13 12:05:51 ErrorPacket: Error: 1040-HY000: Too many connections
[WARN] 2025-07-13 12:05:51 ErrorPacket: Error: 1040-HY000: Too many connections
[WARN] 2025-07-13 12:05:51 ErrorPacket: Error: 1040-HY000: Too many connections
[WARN] 2025-07-13 12:05:51 ErrorPacket: Error: 1040-HY000: Too many connections
[WARN] 2025-07-13 12:05:52 ErrorPacket: Error: 1040-HY000: Too many connections
[WARN] 2025-07-13 12:05:52 ErrorPacket: Error: 1040-HY000: Too many connections
[WARN] 2025-07-13 12:05:52 ErrorPacket: Error: 1040-HY000: Too many connections
[WARN] 2025-07-13 12:05:53 ErrorPacket: Error: 1040-HY000: Too many connections
[WARN] 2025-07-13 12:05:55 ErrorPacket: Error: 1040-HY000: Too many connections
[WARN] 2025-07-13 12:05:57 ErrorPacket: Error: 1040-HY000: Too many connections
[INFO] 2025-07-13 12:06:00 L2World: 128 by 136 world region grid set up.
[INFO] 2025-07-13 12:06:01 MapRegionManager: Loaded 57 map regions.
[INFO] 2025-07-13 12:06:02 GlobalVariablesManager: Loaded 0 variables.
[INFO] 2025-07-13 12:06:02 GameServer: ----------------------------------------------------=[ Data ]
[INFO] 2025-07-13 12:06:02 CategoryData: Loaded 124 Categories.
[INFO] 2025-07-13 12:06:02 SecondaryAuthData: Loaded 328 forbidden passwords.
[INFO] 2025-07-13 12:06:02 GameServer: -------------------------------------------------=[ Effects ]
[WARN] 2025-07-13 12:06:03 ErrorPacket: Error: 1040-HY000: Too many connections
[WARN] 2025-07-13 12:06:08 ErrorPacket: Error: 1040-HY000: Too many connections
[WARN] 2025-07-13 12:06:14 ErrorPacket: Error: 1040-HY000: Too many connections
[WARN] 2025-07-13 12:06:19 ErrorPacket: Error: 1040-HY000: Too many connections
[WARN] 2025-07-13 12:06:24 ErrorPacket: Error: 1040-HY000: Too many connections
[WARN] 2025-07-13 12:06:29 ErrorPacket: Error: 1040-HY000: Too many connections
[INFO] 2025-07-13 12:06:30 EffectMasterHandler: Loaded 170 effect handlers.
[INFO] 2025-07-13 12:06:30 GameServer: ------------------------------------=[ Enchant Skill Groups ]
[INFO] 2025-07-13 12:06:31 EnchantSkillGroupsData: Loaded 4 groups and 90 routes.
[INFO] 2025-07-13 12:06:31 GameServer: ---------------------------------------------=[ Skill Trees ]
[WARN] 2025-07-13 12:06:34 ErrorPacket: Error: 1040-HY000: Too many connections
[INFO] 2025-07-13 12:06:36 SkillTreesData: Loaded 17176 Class Skills for 103 Class Skill Trees.
[INFO] 2025-07-13 12:06:36 SkillTreesData: Loaded 76 Sub-Class Skills.
[INFO] 2025-07-13 12:06:36 SkillTreesData: Loaded 77 Transfer Skills for 3 Transfer Skill Trees.
[INFO] 2025-07-13 12:06:36 SkillTreesData: Loaded 117 Fishing Skills, 8 Dwarven only Fishing Skills.
[INFO] 2025-07-13 12:06:36 SkillTreesData: Loaded 3 Collect Skills.
[INFO] 2025-07-13 12:06:36 SkillTreesData: Loaded 74 Pledge Skills, 44 for Pledge and 30 Residential.
[INFO] 2025-07-13 12:06:36 SkillTreesData: Loaded 18 Sub-Pledge Skills.
[INFO] 2025-07-13 12:06:36 SkillTreesData: Loaded 32 Transform Skills.
[INFO] 2025-07-13 12:06:36 SkillTreesData: Loaded 8 Noble Skills.
[INFO] 2025-07-13 12:06:36 SkillTreesData: Loaded 5 Hero Skills.
[INFO] 2025-07-13 12:06:36 SkillTreesData: Loaded 46 Game Master Skills.
[INFO] 2025-07-13 12:06:36 SkillTreesData: Loaded 46 Game Master Aura Skills.
[INFO] 2025-07-13 12:06:36 GameServer: --------------------------------------------------=[ Skills ]
[WARN] 2025-07-13 12:06:39 ErrorPacket: Error: 1040-HY000: Too many connections
[WARN] 2025-07-13 12:06:44 ErrorPacket: Error: 1040-HY000: Too many connections
[WARN] 2025-07-13 12:06:49 ErrorPacket: Error: 1040-HY000: Too many connections
[WARN] 2025-07-13 12:06:54 ErrorPacket: Error: 1040-HY000: Too many connections
[WARN] 2025-07-13 12:07:00 ErrorPacket: Error: 1040-HY000: Too many connections
